<?xml version="1.0" encoding="UTF-8"?>
<!-- Generated by org.testng.reporters.JUnitReportReporter -->
<testsuite hostname="LIN80032459" failures="0" tests="2" name="TestNg4.AllAnnotations" time="0.021" errors="0" timestamp="2023-09-16T15:23:21 IST" skipped="0">
  <testcase classname="TestNg4.AllAnnotations" name="test1" time="0.018"/>
  <system-out/>
  <testcase classname="TestNg4.AllAnnotations" name="test2" time="0.003"/>
  <system-out/>
</testsuite> <!-- TestNg4.AllAnnotations -->
