<?xml version="1.0" encoding="UTF-8"?>
<!-- Generated by org.testng.reporters.JUnitReportReporter -->
<testsuite hostname="LIN80032459" failures="0" tests="2" name="PageObjectModel.PageObjectTest" time="4.800" errors="0" timestamp="2024-01-23T16:38:08 IST" skipped="0">
  <testcase classname="PageObjectModel.PageObjectTest" name="testLogo" time="3.103"/>
  <testcase classname="PageObjectModel.PageObjectTest" name="login" time="1.697"/>
</testsuite> <!-- PageObjectModel.PageObjectTest -->
