<?xml version="1.0" encoding="UTF-8"?>
<!-- Generated by org.testng.reporters.JUnitReportReporter -->
<testsuite hostname="LIN80032459" failures="0" tests="2" name="TestNg2.AnnotationsDemo2" time="0.022" errors="0" timestamp="2023-09-15T23:36:29 IST" skipped="0">
  <testcase classname="TestNg2.AnnotationsDemo2" name="search" time="0.020"/>
  <system-out/>
  <testcase classname="TestNg2.AnnotationsDemo2" name="advancesearch" time="0.002"/>
  <system-out/>
</testsuite> <!-- TestNg2.AnnotationsDemo2 -->
