<?xml version="1.0" encoding="UTF-8"?>
<!-- Generated by org.testng.reporters.JUnitReportReporter -->
<testsuite hostname="LIN80032459" failures="0" tests="1" name="TestNg.SecondTest1" time="0.803" errors="0" timestamp="2023-09-15T22:58:06 IST" skipped="0">
  <testcase classname="TestNg.SecondTest1" name="login" time="0.803"/>
  <system-out/>
</testsuite> <!-- TestNg.SecondTest1 -->
