<?xml version="1.0" encoding="UTF-8"?>
<!-- Generated by org.testng.reporters.JUnitReportReporter -->
<testsuite hostname="LIN80032459" failures="0" tests="3" name="TestNg.SecondTest" time="6.533" errors="0" timestamp="2023-09-15T22:58:06 IST" skipped="0">
  <testcase classname="TestNg.SecondTest" name="OpenApp" time="5.483"/>
  <system-out/>
  <testcase classname="TestNg.SecondTest" name="login" time="0.727"/>
  <system-out/>
  <testcase classname="TestNg.SecondTest" name="close" time="0.323"/>
  <system-out/>
</testsuite> <!-- TestNg.SecondTest -->
