<?xml version="1.0" encoding="UTF-8"?>
<!-- Generated by org.testng.reporters.JUnitReportReporter -->
<testsuite hostname="LIN80032459" failures="0" tests="3" name="TestNg4.Grouping" time="0.014" errors="0" timestamp="2023-09-16T15:25:23 IST" skipped="0">
  <testcase classname="TestNg4.Grouping" name="loginfacebook" time="0.010"/>
  <system-out/>
  <testcase classname="TestNg4.Grouping" name="logintwitter" time="0.002"/>
  <system-out/>
  <testcase classname="TestNg4.Grouping" name="paymentbyrupee" time="0.002"/>
  <system-out/>
</testsuite> <!-- TestNg4.Grouping -->
