<?xml version="1.0" encoding="UTF-8"?>
<!-- Generated by org.testng.reporters.JUnitReportReporter -->
<testsuite hostname="LIN80032459" failures="0" tests="2" name="testNg3.Class2" time="0.004" errors="0" timestamp="2023-09-15T23:52:21 IST" skipped="0">
  <testcase classname="testNg3.Class2" name="xyz" time="0.002"/>
  <system-out/>
  <testcase classname="testNg3.Class2" name="xyz" time="0.002"/>
  <system-out/>
</testsuite> <!-- testNg3.Class2 -->
