<?xml version="1.0" encoding="UTF-8"?>
<!-- Generated by org.testng.reporters.JUnitReportReporter -->
<testsuite hostname="LIN80032459" failures="0" tests="2" name="testNg3.Class1" time="0.012" errors="0" timestamp="2023-09-15T23:52:21 IST" skipped="0">
  <testcase classname="testNg3.Class1" name="abc" time="0.010"/>
  <system-out/>
  <testcase classname="testNg3.Class1" name="abc" time="0.002"/>
  <system-out/>
</testsuite> <!-- testNg3.Class1 -->
