<?xml version="1.0" encoding="UTF-8"?>
<!-- Generated by org.testng.reporters.JUnitReportReporter -->
<testsuite hostname="LIN80032459" failures="0" tests="4" name="TestNg4.IncovationCount" time="0.011" errors="0" timestamp="2023-09-16T17:08:29 IST" skipped="0">
  <testcase classname="TestNg4.IncovationCount" name="run" time="0.001"/>
  <system-out/>
  <testcase classname="TestNg4.IncovationCount" name="run" time="0.001"/>
  <system-out/>
  <testcase classname="TestNg4.IncovationCount" name="run" time="0.007"/>
  <system-out/>
  <testcase classname="TestNg4.IncovationCount" name="run" time="0.002"/>
  <system-out/>
</testsuite> <!-- TestNg4.IncovationCount -->
