<?xml version="1.0" encoding="UTF-8"?>
<!-- Generated by org.testng.reporters.JUnitReportReporter -->
<testsuite hostname="LIN80032459" failures="0" tests="4" name="TestNg4.parallelTesting" time="0.155" errors="0" timestamp="2023-09-16T18:05:28 IST" skipped="0">
  <testcase classname="TestNg4.parallelTesting" name="testlogo" time="0.086"/>
  <system-out/>
  <testcase classname="TestNg4.parallelTesting" name="testlogo" time="0.044"/>
  <system-out/>
  <testcase classname="TestNg4.parallelTesting" name="testhomepage" time="0.009"/>
  <system-out/>
  <testcase classname="TestNg4.parallelTesting" name="testhomepage" time="0.016"/>
  <system-out/>
</testsuite> <!-- TestNg4.parallelTesting -->
