<?xml version="1.0" encoding="UTF-8"?>
<!-- Generated by org.testng.reporters.JUnitReportReporter -->
<testsuite hostname="LIN80032459" failures="0" tests="2" name="PageObjectModel.PageObjectTest" time="4.893" errors="0" timestamp="2023-09-17T17:05:41 IST" skipped="0">
  <testcase classname="PageObjectModel.PageObjectTest" name="testLogo" time="3.128"/>
  <system-out/>
  <testcase classname="PageObjectModel.PageObjectTest" name="login" time="1.765"/>
  <system-out/>
</testsuite> <!-- PageObjectModel.PageObjectTest -->
