<?xml version="1.0" encoding="UTF-8"?>
<!-- Generated by org.testng.reporters.JUnitReportReporter -->
<testsuite hostname="LIN80032459" failures="0" tests="2" name="testNg3.Class2" time="0.002" errors="0" timestamp="2024-01-25T14:58:52 IST" skipped="0">
  <testcase classname="testNg3.Class2" name="xyz" time="0.001"/>
  <testcase classname="testNg3.Class2" name="xyz" time="0.001"/>
</testsuite> <!-- testNg3.Class2 -->
